<?xml version="1.0" encoding="UTF-8"?>
<!-- Generated by org.testng.reporters.JUnitReportReporter -->
<testsuite skipped="0" hostname="LAPTOP-N04AR20A" name="TestNGclass.SampleTestNGClass" tests="3" failures="0" timestamp="07 Aug 2019 06:50:01 GMT" time="0.018" errors="0">
  <testcase name="TitleTest" time="0.002" classname="TestNGclass.SampleTestNGClass"/>
  <testcase name="SearchTest" time="0.009" classname="TestNGclass.SampleTestNGClass"/>
  <testcase name="LogoCheck" time="0.007" classname="TestNGclass.SampleTestNGClass"/>
</testsuite> <!-- TestNGclass.SampleTestNGClass -->
