<?xml version="1.0" encoding="UTF-8"?>
<!-- Generated by org.testng.reporters.JUnitReportReporter -->
<testsuite skipped="0" hostname="LAPTOP-N04AR20A" name="TestNGclass.SampleMavenClass" tests="1" failures="0" timestamp="07 Aug 2019 12:27:33 GMT" time="0.001" errors="0">
  <testcase name="hello" time="0.001" classname="TestNGclass.SampleMavenClass"/>
</testsuite> <!-- TestNGclass.SampleMavenClass -->
