<?xml version="1.0" encoding="UTF-8"?>
<!-- Generated by org.testng.reporters.JUnitReportReporter -->
<testsuite skipped="0" hostname="LAPTOP-N04AR20A" name="TestNGclass.TestNGBasics" tests="3" failures="0" timestamp="07 Aug 2019 12:27:33 GMT" time="0.000" errors="0">
  <testcase name="SearchTest" time="0.000" classname="TestNGclass.TestNGBasics"/>
  <testcase name="TitleTest" time="0.000" classname="TestNGclass.TestNGBasics"/>
  <testcase name="LogoCheck" time="0.000" classname="TestNGclass.TestNGBasics"/>
</testsuite> <!-- TestNGclass.TestNGBasics -->
